0 info it worked if it ends with ok
1 verbose cli [ 'node', '/usr/local/bin/npm', 'install' ]
2 info using npm@2.5.1
3 info using node@v0.12.0
4 warn package.json @sustainers/core-docs@0.0.0 No repository field.
5 verbose install where, deps [ '/Users/joao/Documents/repos/sustainer-network/org/docs/core',
5 verbose install   [ 'widdershins', 'asyncapi-generator' ] ]
6 verbose install where, peers [ '/Users/joao/Documents/repos/sustainer-network/org/docs/core',
6 verbose install   [] ]
7 info preinstall @sustainers/core-docs@0.0.0
8 silly cache add args [ 'widdershins@^3.6.7', null ]
9 verbose cache add spec widdershins@^3.6.7
10 silly cache add args [ 'asyncapi-generator@^1.13.1', null ]
11 verbose cache add spec asyncapi-generator@^1.13.1
12 silly cache add parsed spec { raw: 'widdershins@^3.6.7',
12 silly cache add   scope: null,
12 silly cache add   name: 'widdershins',
12 silly cache add   rawSpec: '^3.6.7',
12 silly cache add   spec: '>=3.6.7 <4.0.0',
12 silly cache add   type: 'range' }
13 verbose addNamed widdershins@>=3.6.7 <4.0.0
14 silly addNamed semver.valid null
15 silly addNamed semver.validRange >=3.6.7 <4.0.0
16 silly addNameRange { name: 'widdershins', range: '>=3.6.7 <4.0.0', hasData: false }
17 silly mapToRegistry name widdershins
18 silly mapToRegistry using default registry
19 silly mapToRegistry registry https://registry.npmjs.org/
20 silly mapToRegistry uri https://registry.npmjs.org/widdershins
21 verbose addNameRange registry:https://registry.npmjs.org/widdershins not in flight; fetching
22 silly cache add parsed spec { raw: 'asyncapi-generator@^1.13.1',
22 silly cache add   scope: null,
22 silly cache add   name: 'asyncapi-generator',
22 silly cache add   rawSpec: '^1.13.1',
22 silly cache add   spec: '>=1.13.1 <2.0.0',
22 silly cache add   type: 'range' }
23 verbose addNamed asyncapi-generator@>=1.13.1 <2.0.0
24 silly addNamed semver.valid null
25 silly addNamed semver.validRange >=1.13.1 <2.0.0
26 silly addNameRange { name: 'asyncapi-generator',
26 silly addNameRange   range: '>=1.13.1 <2.0.0',
26 silly addNameRange   hasData: false }
27 silly mapToRegistry name asyncapi-generator
28 silly mapToRegistry using default registry
29 silly mapToRegistry registry https://registry.npmjs.org/
30 silly mapToRegistry uri https://registry.npmjs.org/asyncapi-generator
31 verbose addNameRange registry:https://registry.npmjs.org/asyncapi-generator not in flight; fetching
32 verbose request uri https://registry.npmjs.org/widdershins
33 verbose request no auth needed
34 info attempt registry request try #1 at 12:45:05 PM
35 verbose request using bearer token for auth
36 verbose request id 316c274fe2d86b98
37 http request GET https://registry.npmjs.org/widdershins
38 verbose request uri https://registry.npmjs.org/asyncapi-generator
39 verbose request no auth needed
40 info attempt registry request try #1 at 12:45:05 PM
41 verbose request using bearer token for auth
42 http request GET https://registry.npmjs.org/asyncapi-generator
43 http 200 https://registry.npmjs.org/asyncapi-generator
44 silly get cb [ 200,
44 silly get   { date: 'Mon, 02 Sep 2019 19:45:05 GMT',
44 silly get     'content-type': 'application/json',
44 silly get     'transfer-encoding': 'chunked',
44 silly get     connection: 'keep-alive',
44 silly get     'set-cookie': [ '__cfduid=d5d9b590c761cebcdd1643516b0870bdd1567453505; expires=Tue, 01-Sep-20 19:45:05 GMT; path=/; domain=.npmjs.org; HttpOnly' ],
44 silly get     'cf-cache-status': 'HIT',
44 silly get     'cache-control': 'max-age=300',
44 silly get     'cf-ray': '5101fb774a615186-SJC',
44 silly get     age: '10',
44 silly get     etag: 'W/"dc66962270cdc70633cee402536fa7ed"',
44 silly get     'expect-ct': 'max-age=604800, report-uri="https://report-uri.cloudflare.com/cdn-cgi/beacon/expect-ct"',
44 silly get     'last-modified': 'Fri, 30 Aug 2019 07:39:27 GMT',
44 silly get     vary: 'accept-encoding, accept',
44 silly get     'x-amz-meta-rev': '40-818e47b87bd1d52ca41fe28d24be7e3d',
44 silly get     server: 'cloudflare',
44 silly get     'content-encoding': 'gzip' } ]
45 verbose get saving asyncapi-generator to /Users/joao/.npm/registry.npmjs.org/asyncapi-generator/.cache.json
46 http 200 https://registry.npmjs.org/widdershins
47 silly get cb [ 200,
47 silly get   { date: 'Mon, 02 Sep 2019 19:45:05 GMT',
47 silly get     'content-type': 'application/json',
47 silly get     'transfer-encoding': 'chunked',
47 silly get     connection: 'keep-alive',
47 silly get     'set-cookie': [ '__cfduid=d1876c670a3e54232779d3771e20f0ee81567453505; expires=Tue, 01-Sep-20 19:45:05 GMT; path=/; domain=.npmjs.org; HttpOnly' ],
47 silly get     'cf-cache-status': 'HIT',
47 silly get     'cache-control': 'max-age=300',
47 silly get     'cf-ray': '5101fb774f96932e-SJC',
47 silly get     age: '32',
47 silly get     etag: 'W/"8d7960d2e275e538e105a7df51dd8fd5"',
47 silly get     'expect-ct': 'max-age=604800, report-uri="https://report-uri.cloudflare.com/cdn-cgi/beacon/expect-ct"',
47 silly get     'last-modified': 'Sat, 05 Jan 2019 19:40:41 GMT',
47 silly get     vary: 'accept-encoding, accept',
47 silly get     'x-amz-meta-rev': '72-f802915f6c011c23468f77289c6a6fd5',
47 silly get     server: 'cloudflare',
47 silly get     'content-encoding': 'gzip' } ]
48 verbose get saving widdershins to /Users/joao/.npm/registry.npmjs.org/widdershins/.cache.json
49 silly addNameRange number 2 { name: 'asyncapi-generator',
49 silly addNameRange   range: '>=1.13.1 <2.0.0',
49 silly addNameRange   hasData: true }
50 silly addNameRange versions [ 'asyncapi-generator',
50 silly addNameRange   [ '0.1.0',
50 silly addNameRange     '0.1.1',
50 silly addNameRange     '0.2.0',
50 silly addNameRange     '0.2.1',
50 silly addNameRange     '0.2.2',
50 silly addNameRange     '0.2.3',
50 silly addNameRange     '0.3.0',
50 silly addNameRange     '0.3.1',
50 silly addNameRange     '0.3.2',
50 silly addNameRange     '0.3.3',
50 silly addNameRange     '0.4.0',
50 silly addNameRange     '0.5.0',
50 silly addNameRange     '0.5.1',
50 silly addNameRange     '0.6.0',
50 silly addNameRange     '0.6.1',
50 silly addNameRange     '0.6.2',
50 silly addNameRange     '0.6.3',
50 silly addNameRange     '0.6.4',
50 silly addNameRange     '0.6.5',
50 silly addNameRange     '0.6.6',
50 silly addNameRange     '0.6.7',
50 silly addNameRange     '0.7.0',
50 silly addNameRange     '0.7.1',
50 silly addNameRange     '0.7.2',
50 silly addNameRange     '0.7.3',
50 silly addNameRange     '0.7.4',
50 silly addNameRange     '0.7.8',
50 silly addNameRange     '0.7.5',
50 silly addNameRange     '0.7.10',
50 silly addNameRange     '0.7.9',
50 silly addNameRange     '0.8.0',
50 silly addNameRange     '0.8.1',
50 silly addNameRange     '0.8.2',
50 silly addNameRange     '0.9.0',
50 silly addNameRange     '0.10.0',
50 silly addNameRange     '0.10.1',
50 silly addNameRange     '0.11.0',
50 silly addNameRange     '0.12.0',
50 silly addNameRange     '0.13.0',
50 silly addNameRange     '0.13.1' ] ]
51 silly addNameRange number 2 { name: 'widdershins', range: '>=3.6.7 <4.0.0', hasData: true }
52 silly addNameRange versions [ 'widdershins',
52 silly addNameRange   [ '1.0.0',
52 silly addNameRange     '1.0.1',
52 silly addNameRange     '1.0.2',
52 silly addNameRange     '1.0.3',
52 silly addNameRange     '1.0.4',
52 silly addNameRange     '1.0.5',
52 silly addNameRange     '1.0.6',
52 silly addNameRange     '1.0.7',
52 silly addNameRange     '1.0.8',
52 silly addNameRange     '1.0.9',
52 silly addNameRange     '1.1.0',
52 silly addNameRange     '1.1.1',
52 silly addNameRange     '2.0.0',
52 silly addNameRange     '2.0.1',
52 silly addNameRange     '2.0.2',
52 silly addNameRange     '2.1.0',
52 silly addNameRange     '2.1.1',
52 silly addNameRange     '2.1.2',
52 silly addNameRange     '2.1.3',
52 silly addNameRange     '2.1.4',
52 silly addNameRange     '2.1.5',
52 silly addNameRange     '2.2.0',
52 silly addNameRange     '2.3.0',
52 silly addNameRange     '2.2.1',
52 silly addNameRange     '2.2.2',
52 silly addNameRange     '2.2.3',
52 silly addNameRange     '2.2.4',
52 silly addNameRange     '2.2.5',
52 silly addNameRange     '2.2.6',
52 silly addNameRange     '2.2.7',
52 silly addNameRange     '2.2.8',
52 silly addNameRange     '2.2.9',
52 silly addNameRange     '2.2.10',
52 silly addNameRange     '2.2.11',
52 silly addNameRange     '3.0.0-beta0.0',
52 silly addNameRange     '3.0.0-beta0.1',
52 silly addNameRange     '3.0.0-beta0.2',
52 silly addNameRange     '3.0.0-beta0.3',
52 silly addNameRange     '3.0.0-beta0.4',
52 silly addNameRange     '3.0.0',
52 silly addNameRange     '3.0.1',
52 silly addNameRange     '3.0.2',
52 silly addNameRange     '3.0.3',
52 silly addNameRange     '3.0.4',
52 silly addNameRange     '3.0.5',
52 silly addNameRange     '3.0.6',
52 silly addNameRange     '3.0.7',
52 silly addNameRange     '3.1.0',
52 silly addNameRange     '3.2.0',
52 silly addNameRange     '3.2.1',
52 silly addNameRange     '3.2.2',
52 silly addNameRange     '3.2.3',
52 silly addNameRange     '3.2.4',
52 silly addNameRange     '3.2.5',
52 silly addNameRange     '3.2.6',
52 silly addNameRange     '3.2.7',
52 silly addNameRange     '3.2.8',
52 silly addNameRange     '3.3.0',
52 silly addNameRange     '3.4.0',
52 silly addNameRange     '3.4.1',
52 silly addNameRange     '3.4.2',
52 silly addNameRange     '3.4.3',
52 silly addNameRange     '3.5.0',
52 silly addNameRange     '3.6.0',
52 silly addNameRange     '3.6.1',
52 silly addNameRange     '3.6.2',
52 silly addNameRange     '3.6.3',
52 silly addNameRange     '3.6.4',
52 silly addNameRange     '3.6.5',
52 silly addNameRange     '3.6.6',
52 silly addNameRange     '3.6.7' ] ]
53 verbose addNamed widdershins@3.6.7
54 silly addNamed semver.valid 3.6.7
55 silly addNamed semver.validRange 3.6.7
56 silly mapToRegistry name widdershins
57 silly mapToRegistry using default registry
58 silly mapToRegistry registry https://registry.npmjs.org/
59 silly mapToRegistry uri https://registry.npmjs.org/widdershins
60 verbose addRemoteTarball https://registry.npmjs.org/widdershins/-/widdershins-3.6.7.tgz not in flight; adding
61 verbose addRemoteTarball [ 'https://registry.npmjs.org/widdershins/-/widdershins-3.6.7.tgz',
61 verbose addRemoteTarball   'ef274723db2adcc6146de3bc05b372c74f416829' ]
62 info retry fetch attempt 1 at 12:45:05 PM
63 info attempt registry request try #1 at 12:45:05 PM
64 http fetch GET https://registry.npmjs.org/widdershins/-/widdershins-3.6.7.tgz
65 verbose request using bearer token for auth
66 http fetch 200 https://registry.npmjs.org/widdershins/-/widdershins-3.6.7.tgz
67 silly fetchAndShaCheck shasum ef274723db2adcc6146de3bc05b372c74f416829
68 verbose addTmpTarball /var/folders/td/1z2wysyx391gm5_235h7rvsm0000gn/T/npm-84756-ce285ecd/registry.npmjs.org/widdershins/-/widdershins-3.6.7.tgz not in flight; adding
69 verbose addTmpTarball already have metadata; skipping unpack for widdershins@3.6.7
70 silly cache afterAdd widdershins@3.6.7
71 verbose afterAdd /Users/joao/.npm/widdershins/3.6.7/package/package.json not in flight; writing
72 verbose afterAdd /Users/joao/.npm/widdershins/3.6.7/package/package.json written
73 verbose stack Error: No compatible version found: asyncapi-generator@'>=1.13.1 <2.0.0'
73 verbose stack Valid install targets:
73 verbose stack ["0.1.0","0.1.1","0.2.0","0.2.1","0.2.2","0.2.3","0.3.0","0.3.1","0.3.2","0.3.3","0.4.0","0.5.0","0.5.1","0.6.0","0.6.1","0.6.2","0.6.3","0.6.4","0.6.5","0.6.6","0.6.7","0.7.0","0.7.1","0.7.2","0.7.3","0.7.4","0.7.8","0.7.5","0.7.10","0.7.9","0.8.0","0.8.1","0.8.2","0.9.0","0.10.0","0.10.1","0.11.0","0.12.0","0.13.0","0.13.1"]
73 verbose stack
73 verbose stack     at installTargetsError (/usr/local/lib/node_modules/npm/lib/cache/add-named.js:259:12)
73 verbose stack     at next (/usr/local/lib/node_modules/npm/lib/cache/add-named.js:238:17)
73 verbose stack     at setData (/usr/local/lib/node_modules/npm/lib/cache/add-named.js:215:5)
73 verbose stack     at RES (/usr/local/lib/node_modules/npm/node_modules/inflight/inflight.js:23:14)
73 verbose stack     at f (/usr/local/lib/node_modules/npm/node_modules/once/once.js:17:25)
73 verbose stack     at saved (/usr/local/lib/node_modules/npm/lib/cache/caching-client.js:173:7)
73 verbose stack     at FSReqWrap.oncomplete (fs.js:99:15)
74 verbose cwd /Users/joao/Documents/repos/sustainer-network/org/docs/core
75 error Darwin 18.6.0
76 error argv "node" "/usr/local/bin/npm" "install"
77 error node v0.12.0
78 error npm  v2.5.1
79 error code ETARGET
80 error notarget No compatible version found: asyncapi-generator@'>=1.13.1 <2.0.0'
80 error notarget Valid install targets:
80 error notarget ["0.1.0","0.1.1","0.2.0","0.2.1","0.2.2","0.2.3","0.3.0","0.3.1","0.3.2","0.3.3","0.4.0","0.5.0","0.5.1","0.6.0","0.6.1","0.6.2","0.6.3","0.6.4","0.6.5","0.6.6","0.6.7","0.7.0","0.7.1","0.7.2","0.7.3","0.7.4","0.7.8","0.7.5","0.7.10","0.7.9","0.8.0","0.8.1","0.8.2","0.9.0","0.10.0","0.10.1","0.11.0","0.12.0","0.13.0","0.13.1"]
80 error notarget
80 error notarget This is most likely not a problem with npm itself.
80 error notarget In most cases you or one of your dependencies are requesting
80 error notarget a package version that doesn't exist.
81 verbose exit [ 1, true ]
